[0m10:15:53.281042 [debug] [MainThread]: Sending event: {'category': 'dbt', 'action': 'invocation', 'label': 'start', 'context': [<snowplow_tracker.self_describing_json.SelfDescribingJson object at 0x1087695e0>, <snowplow_tracker.self_describing_json.SelfDescribingJson object at 0x108e26b10>, <snowplow_tracker.self_describing_json.SelfDescribingJson object at 0x108e26720>]}


============================== 10:15:53.283677 | 6a24e812-55ec-4425-85f8-611578b4f858 ==============================
[0m10:15:53.283677 [info ] [MainThread]: Running with dbt=1.8.1
[0m10:15:53.283946 [debug] [MainThread]: running dbt with arguments {'printer_width': '80', 'indirect_selection': 'eager', 'write_json': 'True', 'log_cache_events': 'False', 'partial_parse': 'True', 'cache_selected_only': 'False', 'warn_error': 'None', 'fail_fast': 'False', 'debug': 'False', 'log_path': 'logs', 'version_check': 'True', 'profiles_dir': '/Users/matthew.zahar/.dbt', 'use_colors': 'True', 'use_experimental_parser': 'False', 'no_print': 'None', 'quiet': 'False', 'log_format': 'default', 'invocation_command': 'dbt init', 'introspect': 'True', 'warn_error_options': 'WarnErrorOptions(include=[], exclude=[])', 'target_path': 'None', 'static_parser': 'True', 'send_anonymous_usage_stats': 'True'}
[0m10:16:07.713165 [debug] [MainThread]: Starter project path: /Users/matthew.zahar/.local/share/virtualenvs/dbt_demo-hYLK4jI_/lib/python3.12/site-packages/dbt/include/starter_project
[0m10:16:07.736818 [info ] [MainThread]: 
Your new dbt project "ncino_hackathon" was created!

For more information on how to configure the profiles.yml file,
please consult the dbt documentation here:

  https://docs.getdbt.com/docs/configure-your-profile

One more thing:

Need help? Don't hesitate to reach out to us via GitHub issues or on Slack:

  https://community.getdbt.com/

Happy modeling!

[0m10:16:07.737315 [info ] [MainThread]: Setting up your profile.
[0m10:16:14.663015 [debug] [MainThread]: Spark adapter: Setting pyhive.hive logging to ERROR
[0m10:16:14.663319 [debug] [MainThread]: Spark adapter: Setting thrift.transport logging to ERROR
[0m10:16:14.663454 [debug] [MainThread]: Spark adapter: Setting thrift.protocol logging to ERROR
[0m10:16:43.537834 [info ] [MainThread]: Profile ncino_hackathon written to /Users/matthew.zahar/.dbt/profiles.yml using target's profile_template.yml and your supplied values. Run 'dbt debug' to validate the connection.
[0m10:16:43.543246 [debug] [MainThread]: Resource report: {"command_name": "init", "command_success": true, "command_wall_clock_time": 50.297558, "process_user_time": 3.215317, "process_kernel_time": 0.640608, "process_mem_max_rss": "206782464", "process_in_blocks": "0", "process_out_blocks": "0"}
[0m10:16:43.545199 [debug] [MainThread]: Command `dbt init` succeeded at 10:16:43.544980 after 50.30 seconds
[0m10:16:43.545992 [debug] [MainThread]: Sending event: {'category': 'dbt', 'action': 'invocation', 'label': 'end', 'context': [<snowplow_tracker.self_describing_json.SelfDescribingJson object at 0x108e26d20>, <snowplow_tracker.self_describing_json.SelfDescribingJson object at 0x108e26ae0>, <snowplow_tracker.self_describing_json.SelfDescribingJson object at 0x16d8c23c0>]}
[0m10:16:43.546535 [debug] [MainThread]: Flushing usage events
[0m10:16:43.801495 [debug] [MainThread]: Error sending anonymous usage statistics. Disabling tracking for this execution. If you wish to permanently disable tracking, see: https://docs.getdbt.com/reference/global-configs#send-anonymous-usage-stats.
